13:56:29 **** Incremental Build of configuration Debug for project 03(a)_USART2_Tx ****
make -j16 all 
arm-none-eabi-size  03(a)_USART2_Tx.elf 
arm-none-eabi-objdump -h -S 03(a)_USART2_Tx.elf  > "03(a)_USART2_Tx.list"
c:/st/stm32cubeide_1.16.1/stm32cubeide/plugins/com.st.stm32cube.ide.mcu.externaltools.make.win32_2.1.300.202402091052/tools/bin/sh: syntax error: unexpected "("
make: *** [makefile:69: default.size.stdout] Error 2
make: *** Waiting for unfinished jobs....
c:/st/stm32cubeide_1.16.1/stm32cubeide/plugins/com.st.stm32cube.ide.mcu.externaltools.make.win32_2.1.300.202402091052/tools/bin/sh: syntax error: unexpected "("
make: *** [makefile:74: 03(a)_USART2_Tx.list] Error 2
"make -j16 all" terminated with exit code 2. Build might be incomplete.

13:56:29 Build Failed. 3 errors, 0 warnings. (took 193ms)

