10:10:23 **** Build of configuration Debug for project 06.2_SysTick_Timer_Interrupt ****
make -j16 all 
arm-none-eabi-gcc "../Core/Src/main.c" -mcpu=cortex-m4 -std=gnu11 -g3 -DDEBUG -DUSE_HAL_DRIVER -DSTM32F446xx -c -I../Core/Inc -I../Drivers/STM32F4xx_HAL_Driver/Inc -I../Drivers/STM32F4xx_HAL_Driver/Inc/Legacy -I../Drivers/CMSIS/Device/ST/STM32F4xx/Include -I../Drivers/CMSIS/Include -O0 -ffunction-sections -fdata-sections -Wall -fstack-usage -fcyclomatic-complexity -MMD -MP -MF"Core/Src/main.d" -MT"Core/Src/main.o" --specs=nano.specs -mfpu=fpv4-sp-d16 -mfloat-abi=hard -mthumb -o "Core/Src/main.o"
arm-none-eabi-gcc -o "06.2_SysTick_Timer_Interrupt.elf" @"objects.list"   -mcpu=cortex-m4 -T"C:\Users\Dev Kishan Prajapat\STM32CubeIDE\workspace_1.16.1\Register\06.2_SysTick_Timer_Interrupt\STM32F446RETX_FLASH.ld" --specs=nosys.specs -Wl,-Map="06.2_SysTick_Timer_Interrupt.map" -Wl,--gc-sections -static --specs=nano.specs -mfpu=fpv4-sp-d16 -mfloat-abi=hard -mthumb -Wl,--start-group -lc -lm -Wl,--end-group
C:/ST/STM32CubeIDE_1.16.1/STM32CubeIDE/plugins/com.st.stm32cube.ide.mcu.externaltools.gnu-tools-for-stm32.12.3.rel1.win32_1.0.200.202406191623/tools/bin/../lib/gcc/arm-none-eabi/12.3.1/../../../../arm-none-eabi/bin/ld.exe: ./Core/Src/stm32f4xx_it.o: in function `SysTick_Handler':
C:/Users/Dev Kishan Prajapat/STM32CubeIDE/workspace_1.16.1/Register/06.2_SysTick_Timer_Interrupt/Debug/../Core/Src/stm32f4xx_it.c:184: multiple definition of `SysTick_Handler'; ./Core/Src/main.o:C:/Users/Dev Kishan Prajapat/STM32CubeIDE/workspace_1.16.1/Register/06.2_SysTick_Timer_Interrupt/Debug/../Core/Src/main.c:3: first defined here
collect2.exe: error: ld returned 1 exit status
make: *** [makefile:64: 06.2_SysTick_Timer_Interrupt.elf] Error 1
"make -j16 all" terminated with exit code 2. Build might be incomplete.

10:10:24 Build Failed. 2 errors, 0 warnings. (took 1s.401ms)

